<?xml version="1.0" encoding="UTF-8"?>
<coverage generated="1680668031673" clover="3.2.0">
  <project timestamp="1680668031673" name="All files">
    <metrics statements="39" coveredstatements="30" conditionals="16" coveredconditionals="9" methods="6" coveredmethods="6" elements="61" coveredelements="45" complexity="0" loc="39" ncloc="39" packages="5" files="6" classes="6"/>
    <package name="cache.add-message-to-cache">
      <metrics statements="7" coveredstatements="7" conditionals="0" coveredconditionals="0" methods="1" coveredmethods="1"/>
      <file name="add-message-to-cache.ts" path="/Users/postcards/Code/ducky-bot/src/helpers/cache/add-message-to-cache/add-message-to-cache.ts">
        <metrics statements="7" coveredstatements="7" conditionals="0" coveredconditionals="0" methods="1" coveredmethods="1"/>
        <line num="5" count="1" type="stmt"/>
        <line num="12" count="3" type="stmt"/>
        <line num="14" count="3" type="stmt"/>
        <line num="15" count="3" type="stmt"/>
        <line num="17" count="2" type="stmt"/>
        <line num="19" count="1" type="stmt"/>
        <line num="21" count="1" type="stmt"/>
      </file>
    </package>
    <package name="cache.format-message-content">
      <metrics statements="26" coveredstatements="17" conditionals="16" coveredconditionals="9" methods="1" coveredmethods="1"/>
      <file name="format-message-content.ts" path="/Users/postcards/Code/ducky-bot/src/helpers/cache/format-message-content/format-message-content.ts">
        <metrics statements="26" coveredstatements="17" conditionals="16" coveredconditionals="9" methods="1" coveredmethods="1"/>
        <line num="16" count="1" type="stmt"/>
        <line num="27" count="3" type="stmt"/>
        <line num="29" count="3" type="cond" truecount="2" falsecount="0"/>
        <line num="30" count="2" type="stmt"/>
        <line num="32" count="2" type="stmt"/>
        <line num="35" count="1" type="cond" truecount="1" falsecount="1"/>
        <line num="36" count="0" type="stmt"/>
        <line num="38" count="0" type="stmt"/>
        <line num="41" count="1" type="cond" truecount="2" falsecount="2"/>
        <line num="42" count="0" type="stmt"/>
        <line num="44" count="0" type="stmt"/>
        <line num="47" count="1" type="cond" truecount="1" falsecount="1"/>
        <line num="48" count="1" type="stmt"/>
        <line num="51" count="1" type="cond" truecount="2" falsecount="2"/>
        <line num="52" count="0" type="stmt"/>
        <line num="53" count="0" type="stmt"/>
        <line num="55" count="0" type="stmt"/>
        <line num="58" count="1" type="stmt"/>
        <line num="59" count="1" type="stmt"/>
        <line num="61" count="1" type="cond" truecount="1" falsecount="1"/>
        <line num="62" count="0" type="stmt"/>
        <line num="64" count="0" type="stmt"/>
        <line num="68" count="1" type="stmt"/>
        <line num="69" count="1" type="stmt"/>
        <line num="70" count="1" type="stmt"/>
        <line num="72" count="1" type="stmt"/>
      </file>
    </package>
    <package name="cache.irc-message-object">
      <metrics statements="2" coveredstatements="2" conditionals="0" coveredconditionals="0" methods="1" coveredmethods="1"/>
      <file name="irc-message-object.ts" path="/Users/postcards/Code/ducky-bot/src/helpers/cache/irc-message-object/irc-message-object.ts">
        <metrics statements="2" coveredstatements="2" conditionals="0" coveredconditionals="0" methods="1" coveredmethods="1"/>
        <line num="8" count="1" type="stmt"/>
        <line num="17" count="3" type="stmt"/>
      </file>
    </package>
    <package name="dates">
      <metrics statements="1" coveredstatements="1" conditionals="0" coveredconditionals="0" methods="1" coveredmethods="1"/>
      <file name="get-timestamp.ts" path="/Users/postcards/Code/ducky-bot/src/helpers/dates/get-timestamp.ts">
        <metrics statements="1" coveredstatements="1" conditionals="0" coveredconditionals="0" methods="1" coveredmethods="1"/>
        <line num="2" count="3" type="stmt"/>
      </file>
    </package>
    <package name="log-formatters">
      <metrics statements="3" coveredstatements="3" conditionals="0" coveredconditionals="0" methods="2" coveredmethods="2"/>
      <file name="log-message-content.ts" path="/Users/postcards/Code/ducky-bot/src/helpers/log-formatters/log-message-content.ts">
        <metrics statements="1" coveredstatements="1" conditionals="0" coveredconditionals="0" methods="1" coveredmethods="1"/>
        <line num="1" count="1" type="stmt"/>
      </file>
      <file name="log-message-title.ts" path="/Users/postcards/Code/ducky-bot/src/helpers/log-formatters/log-message-title.ts">
        <metrics statements="2" coveredstatements="2" conditionals="0" coveredconditionals="0" methods="1" coveredmethods="1"/>
        <line num="1" count="1" type="stmt"/>
        <line num="2" count="1" type="stmt"/>
      </file>
    </package>
  </project>
</coverage>
