<?xml version="1.0" encoding="UTF-8"?>
<coverage generated="1680719126283" clover="3.2.0">
  <project timestamp="1680719126283" name="All files">
    <metrics statements="11" coveredstatements="11" conditionals="8" coveredconditionals="8" methods="1" coveredmethods="1" elements="20" coveredelements="20" complexity="0" loc="11" ncloc="11" packages="2" files="3" classes="3"/>
    <package name="src">
      <metrics statements="10" coveredstatements="10" conditionals="8" coveredconditionals="8" methods="1" coveredmethods="1"/>
      <file name="handle-irc-messages.ts" path="/Users/postcards/Code/ducky-bot/src/handle-irc-messages.ts">
        <metrics statements="9" coveredstatements="9" conditionals="8" coveredconditionals="8" methods="1" coveredmethods="1"/>
        <line num="10" count="4" type="cond" truecount="2" falsecount="0"/>
        <line num="13" count="4" type="cond" truecount="2" falsecount="0"/>
        <line num="16" count="4" type="cond" truecount="2" falsecount="0"/>
        <line num="19" count="4" type="cond" truecount="2" falsecount="0"/>
        <line num="21" count="4" type="stmt"/>
        <line num="22" count="4" type="stmt"/>
        <line num="23" count="4" type="stmt"/>
        <line num="24" count="4" type="stmt"/>
        <line num="26" count="4" type="stmt"/>
      </file>
      <file name="twitch-irc-cache.ts" path="/Users/postcards/Code/ducky-bot/src/twitch-irc-cache.ts">
        <metrics statements="1" coveredstatements="1" conditionals="0" coveredconditionals="0" methods="0" coveredmethods="0"/>
        <line num="3" count="1" type="stmt"/>
      </file>
    </package>
    <package name="src.constants">
      <metrics statements="1" coveredstatements="1" conditionals="0" coveredconditionals="0" methods="0" coveredmethods="0"/>
      <file name="irc-cache-keys.ts" path="/Users/postcards/Code/ducky-bot/src/constants/irc-cache-keys.ts">
        <metrics statements="1" coveredstatements="1" conditionals="0" coveredconditionals="0" methods="0" coveredmethods="0"/>
        <line num="1" count="1" type="stmt"/>
      </file>
    </package>
  </project>
</coverage>
