{"/Users/postcards/Code/ducky-bot/src/handle-irc-messages.ts": {"path":"/Users/postcards/Code/ducky-bot/src/handle-irc-messages.ts","statementMap":{"0":{"start":{"line":12,"column":4},"end":{"line":12,"column":73}},"1":{"start":{"line":15,"column":4},"end":{"line":15,"column":71}},"2":{"start":{"line":18,"column":4},"end":{"line":18,"column":71}},"3":{"start":{"line":21,"column":4},"end":{"line":21,"column":70}},"4":{"start":{"line":23,"column":22},"end":{"line":23,"column":51}},"5":{"start":{"line":25,"column":2},"end":{"line":32,"column":3}},"6":{"start":{"line":26,"column":4},"end":{"line":31,"column":6}},"7":{"start":{"line":34,"column":22},"end":{"line":34,"column":45}},"8":{"start":{"line":36,"column":2},"end":{"line":43,"column":3}},"9":{"start":{"line":37,"column":4},"end":{"line":42,"column":6}},"10":{"start":{"line":45,"column":25},"end":{"line":45,"column":51}},"11":{"start":{"line":47,"column":2},"end":{"line":54,"column":3}},"12":{"start":{"line":48,"column":4},"end":{"line":53,"column":6}},"13":{"start":{"line":56,"column":23},"end":{"line":56,"column":47}},"14":{"start":{"line":58,"column":2},"end":{"line":65,"column":3}},"15":{"start":{"line":59,"column":4},"end":{"line":64,"column":6}},"16":{"start":{"line":67,"column":2},"end":{"line":67,"column":9}}},"fnMap":{"0":{"name":"handleIrcMessages","decl":{"start":{"line":10,"column":16},"end":{"line":10,"column":33}},"loc":{"start":{"line":10,"column":51},"end":{"line":68,"column":1}},"line":10}},"branchMap":{"0":{"loc":{"start":{"line":12,"column":4},"end":{"line":12,"column":73}},"type":"binary-expr","locations":[{"start":{"line":12,"column":5},"end":{"line":12,"column":66}},{"start":{"line":12,"column":71},"end":{"line":12,"column":73}}],"line":12},"1":{"loc":{"start":{"line":15,"column":4},"end":{"line":15,"column":71}},"type":"binary-expr","locations":[{"start":{"line":15,"column":5},"end":{"line":15,"column":64}},{"start":{"line":15,"column":69},"end":{"line":15,"column":71}}],"line":15},"2":{"loc":{"start":{"line":18,"column":4},"end":{"line":18,"column":71}},"type":"binary-expr","locations":[{"start":{"line":18,"column":5},"end":{"line":18,"column":64}},{"start":{"line":18,"column":69},"end":{"line":18,"column":71}}],"line":18},"3":{"loc":{"start":{"line":21,"column":4},"end":{"line":21,"column":70}},"type":"binary-expr","locations":[{"start":{"line":21,"column":5},"end":{"line":21,"column":63}},{"start":{"line":21,"column":68},"end":{"line":21,"column":70}}],"line":21},"4":{"loc":{"start":{"line":25,"column":2},"end":{"line":32,"column":3}},"type":"if","locations":[{"start":{"line":25,"column":2},"end":{"line":32,"column":3}},{"start":{},"end":{}}],"line":25},"5":{"loc":{"start":{"line":25,"column":6},"end":{"line":25,"column":73}},"type":"binary-expr","locations":[{"start":{"line":25,"column":6},"end":{"line":25,"column":36}},{"start":{"line":25,"column":40},"end":{"line":25,"column":51}},{"start":{"line":25,"column":55},"end":{"line":25,"column":73}}],"line":25},"6":{"loc":{"start":{"line":36,"column":2},"end":{"line":43,"column":3}},"type":"if","locations":[{"start":{"line":36,"column":2},"end":{"line":43,"column":3}},{"start":{},"end":{}}],"line":36},"7":{"loc":{"start":{"line":36,"column":6},"end":{"line":36,"column":52}},"type":"binary-expr","locations":[{"start":{"line":36,"column":6},"end":{"line":36,"column":17}},{"start":{"line":36,"column":21},"end":{"line":36,"column":52}}],"line":36},"8":{"loc":{"start":{"line":47,"column":2},"end":{"line":54,"column":3}},"type":"if","locations":[{"start":{"line":47,"column":2},"end":{"line":54,"column":3}},{"start":{},"end":{}}],"line":47},"9":{"loc":{"start":{"line":58,"column":2},"end":{"line":65,"column":3}},"type":"if","locations":[{"start":{"line":58,"column":2},"end":{"line":65,"column":3}},{"start":{},"end":{}}],"line":58}},"s":{"0":12,"1":12,"2":12,"3":12,"4":12,"5":12,"6":6,"7":12,"8":12,"9":7,"10":12,"11":12,"12":7,"13":12,"14":12,"15":7,"16":12},"f":{"0":12},"b":{"0":[12,12],"1":[12,12],"2":[12,12],"3":[12,12],"4":[6,6],"5":[12,6,6],"6":[7,5],"7":[12,8],"8":[7,5],"9":[7,5]},"_coverageSchema":"1a1c01bbd47fc00a2c39e90264f33305004495a9","hash":"0d32bb1d3f7f59497e76d7b119a032a3e0a5bdec"}
,"/Users/postcards/Code/ducky-bot/src/twitch-irc-cache.ts": {"path":"/Users/postcards/Code/ducky-bot/src/twitch-irc-cache.ts","statementMap":{"0":{"start":{"line":3,"column":30},"end":{"line":3,"column":45}}},"fnMap":{},"branchMap":{},"s":{"0":1},"f":{},"b":{},"_coverageSchema":"1a1c01bbd47fc00a2c39e90264f33305004495a9","hash":"b4a3420b23df88b44f11ce583deb452ef22412ba"}
,"/Users/postcards/Code/ducky-bot/src/constants/irc-cache-keys.ts": {"path":"/Users/postcards/Code/ducky-bot/src/constants/irc-cache-keys.ts","statementMap":{"0":{"start":{"line":1,"column":36},"end":{"line":7,"column":10}}},"fnMap":{},"branchMap":{},"s":{"0":1},"f":{},"b":{},"_coverageSchema":"1a1c01bbd47fc00a2c39e90264f33305004495a9","hash":"e3240481a280f549a2987022ed929ef472e6c26a"}
}
