{"/Users/postcards/Code/ducky-bot/src/handle-irc-messages.ts": {"path":"/Users/postcards/Code/ducky-bot/src/handle-irc-messages.ts","statementMap":{"0":{"start":{"line":10,"column":4},"end":{"line":10,"column":73}},"1":{"start":{"line":13,"column":4},"end":{"line":13,"column":71}},"2":{"start":{"line":16,"column":4},"end":{"line":16,"column":71}},"3":{"start":{"line":19,"column":4},"end":{"line":19,"column":70}},"4":{"start":{"line":21,"column":2},"end":{"line":21,"column":50}},"5":{"start":{"line":22,"column":2},"end":{"line":22,"column":52}},"6":{"start":{"line":23,"column":2},"end":{"line":23,"column":56}},"7":{"start":{"line":24,"column":2},"end":{"line":24,"column":52}},"8":{"start":{"line":26,"column":2},"end":{"line":26,"column":9}}},"fnMap":{"0":{"name":"handleIrcMessages","decl":{"start":{"line":8,"column":16},"end":{"line":8,"column":33}},"loc":{"start":{"line":8,"column":51},"end":{"line":27,"column":1}},"line":8}},"branchMap":{"0":{"loc":{"start":{"line":10,"column":4},"end":{"line":10,"column":73}},"type":"binary-expr","locations":[{"start":{"line":10,"column":5},"end":{"line":10,"column":66}},{"start":{"line":10,"column":71},"end":{"line":10,"column":73}}],"line":10},"1":{"loc":{"start":{"line":13,"column":4},"end":{"line":13,"column":71}},"type":"binary-expr","locations":[{"start":{"line":13,"column":5},"end":{"line":13,"column":64}},{"start":{"line":13,"column":69},"end":{"line":13,"column":71}}],"line":13},"2":{"loc":{"start":{"line":16,"column":4},"end":{"line":16,"column":71}},"type":"binary-expr","locations":[{"start":{"line":16,"column":5},"end":{"line":16,"column":64}},{"start":{"line":16,"column":69},"end":{"line":16,"column":71}}],"line":16},"3":{"loc":{"start":{"line":19,"column":4},"end":{"line":19,"column":70}},"type":"binary-expr","locations":[{"start":{"line":19,"column":5},"end":{"line":19,"column":63}},{"start":{"line":19,"column":68},"end":{"line":19,"column":70}}],"line":19}},"s":{"0":4,"1":4,"2":4,"3":4,"4":4,"5":4,"6":4,"7":4,"8":4},"f":{"0":4},"b":{"0":[4,4],"1":[4,4],"2":[4,4],"3":[4,4]},"_coverageSchema":"1a1c01bbd47fc00a2c39e90264f33305004495a9","hash":"d9560883ff1c53fa1934a1a460cffe0097d52a15"}
,"/Users/postcards/Code/ducky-bot/src/twitch-irc-cache.ts": {"path":"/Users/postcards/Code/ducky-bot/src/twitch-irc-cache.ts","statementMap":{"0":{"start":{"line":3,"column":30},"end":{"line":3,"column":45}}},"fnMap":{},"branchMap":{},"s":{"0":1},"f":{},"b":{},"_coverageSchema":"1a1c01bbd47fc00a2c39e90264f33305004495a9","hash":"b4a3420b23df88b44f11ce583deb452ef22412ba"}
,"/Users/postcards/Code/ducky-bot/src/constants/irc-cache-keys.ts": {"path":"/Users/postcards/Code/ducky-bot/src/constants/irc-cache-keys.ts","statementMap":{"0":{"start":{"line":1,"column":36},"end":{"line":7,"column":10}}},"fnMap":{},"branchMap":{},"s":{"0":1},"f":{},"b":{},"_coverageSchema":"1a1c01bbd47fc00a2c39e90264f33305004495a9","hash":"e3240481a280f549a2987022ed929ef472e6c26a"}
}
