TN:
SF:src/handle-irc-messages.ts
FN:10,handleIrcMessages
FNF:1
FNH:1
FNDA:12,handleIrcMessages
DA:12,12
DA:15,12
DA:18,12
DA:21,12
DA:23,12
DA:25,12
DA:26,6
DA:34,12
DA:36,12
DA:37,7
DA:45,12
DA:47,12
DA:48,7
DA:56,12
DA:58,12
DA:59,7
DA:67,12
LF:17
LH:17
BRDA:12,0,0,12
BRDA:12,0,1,12
BRDA:15,1,0,12
BRDA:15,1,1,12
BRDA:18,2,0,12
BRDA:18,2,1,12
BRDA:21,3,0,12
BRDA:21,3,1,12
BRDA:25,4,0,6
BRDA:25,4,1,6
BRDA:25,5,0,12
BRDA:25,5,1,6
BRDA:25,5,2,6
BRDA:36,6,0,7
BRDA:36,6,1,5
BRDA:36,7,0,12
BRDA:36,7,1,8
BRDA:47,8,0,7
BRDA:47,8,1,5
BRDA:58,9,0,7
BRDA:58,9,1,5
BRF:21
BRH:21
end_of_record
TN:
SF:src/twitch-irc-cache.ts
FNF:0
FNH:0
DA:3,1
LF:1
LH:1
BRF:0
BRH:0
end_of_record
TN:
SF:src/constants/irc-cache-keys.ts
FNF:0
FNH:0
DA:1,1
LF:1
LH:1
BRF:0
BRH:0
end_of_record
