TN:
SF:src/helpers/cache/add-message-to-cache/add-message-to-cache.ts
FN:5,(anonymous_0)
FNF:1
FNH:1
FNDA:3,(anonymous_0)
DA:5,1
DA:12,3
DA:14,3
DA:15,3
DA:17,2
DA:19,1
DA:21,1
LF:7
LH:7
BRF:0
BRH:0
end_of_record
TN:
SF:src/helpers/cache/format-message-content/format-message-content.ts
FN:16,(anonymous_0)
FNF:1
FNH:1
FNDA:3,(anonymous_0)
DA:16,1
DA:27,3
DA:29,3
DA:30,2
DA:32,2
DA:35,1
DA:36,0
DA:38,0
DA:41,1
DA:42,0
DA:44,0
DA:47,1
DA:48,1
DA:51,1
DA:52,0
DA:53,0
DA:55,0
DA:58,1
DA:59,1
DA:61,1
DA:62,0
DA:64,0
DA:68,1
DA:69,1
DA:70,1
DA:72,1
LF:26
LH:17
BRDA:29,0,0,2
BRDA:29,0,1,1
BRDA:35,1,0,0
BRDA:35,1,1,1
BRDA:41,2,0,0
BRDA:41,2,1,1
BRDA:41,3,0,1
BRDA:41,3,1,0
BRDA:47,4,0,1
BRDA:47,4,1,0
BRDA:51,5,0,0
BRDA:51,5,1,1
BRDA:51,6,0,1
BRDA:51,6,1,0
BRDA:61,7,0,0
BRDA:61,7,1,1
BRF:16
BRH:9
end_of_record
TN:
SF:src/helpers/cache/irc-message-object/irc-message-object.ts
FN:8,(anonymous_0)
FNF:1
FNH:1
FNDA:3,(anonymous_0)
DA:8,1
DA:17,3
LF:2
LH:2
BRF:0
BRH:0
end_of_record
TN:
SF:src/helpers/dates/get-timestamp.ts
FN:1,getTimestamp
FNF:1
FNH:1
FNDA:3,getTimestamp
DA:2,3
LF:1
LH:1
BRF:0
BRH:0
end_of_record
TN:
SF:src/helpers/log-formatters/log-message-content.ts
FN:1,(anonymous_0)
FNF:1
FNH:1
FNDA:1,(anonymous_0)
DA:1,1
LF:1
LH:1
BRF:0
BRH:0
end_of_record
TN:
SF:src/helpers/log-formatters/log-message-title.ts
FN:1,(anonymous_0)
FNF:1
FNH:1
FNDA:1,(anonymous_0)
DA:1,1
DA:2,1
LF:2
LH:2
BRF:0
BRH:0
end_of_record
